  CBillBoard.cpp
  CCamera.cpp
  CCharaBase.cpp
  CCollider.cpp
  CColliderLine.cpp
  CColliderMesh.cpp
  CColliderSphere.cpp
  CColliderTriangle.cpp
  CCollisionManager.cpp
  CDebugCamera.cpp
  CEffect.cpp
  CObjectBase.cpp
  CTaskManager.cpp
  CApplication.cpp
  CEnemy.cpp
  CEnemy2.cpp
  CExp.cpp
  CField.cpp
  CGameScene.cpp
  CMoveFloor.cpp
  コードを生成中...
  コンパイル中...
  CPlayer.cpp
  CPortionBlue.cpp
  CPortionGreen.cpp
  CPortionRed.cpp
  CRideabeObject.cpp
  CRotateFloor.cpp
  CShield.cpp
  CSword.cpp
  CTitleScene.cpp
  CWeapon.cpp
  CXCharacter.cpp
  CColBase.cpp
  CColLine.cpp
  CColQuad.cpp
  CColSphere.cpp
  CColTriangle.cpp
  CCollisionTestScene.cpp
  CMeasure.cpp
  main.cpp
  コードを生成中...
  BaseProject.vcxproj -> C:\Users\ikenaga0605\Desktop\Git - コピー\02Ikenaga\3DLv3_2023_vs2019\Project\BaseProject\Debug\BaseProject.exe
