c:\users\ikenaga0605\desktop\git - コピー\02ikenaga\3dlv3_2023_vs2019\project\baseproject\baseproject\debug\vc142.pdb
c:\users\ikenaga0605\desktop\git - コピー\02ikenaga\3dlv3_2023_vs2019\project\baseproject\baseproject\debug\vc142.idb
c:\users\ikenaga0605\desktop\git - コピー\02ikenaga\3dlv3_2023_vs2019\project\baseproject\baseproject\debug\ceffect.obj
c:\users\ikenaga0605\desktop\git - コピー\02ikenaga\3dlv3_2023_vs2019\project\baseproject\baseproject\debug\cdebugtimer.obj
c:\users\ikenaga0605\desktop\git - コピー\02ikenaga\3dlv3_2023_vs2019\project\baseproject\baseproject\debug\cdebugprofiler.obj
c:\users\ikenaga0605\desktop\git - コピー\02ikenaga\3dlv3_2023_vs2019\project\baseproject\baseproject\debug\cdebugprint.obj
c:\users\ikenaga0605\desktop\git - コピー\02ikenaga\3dlv3_2023_vs2019\project\baseproject\baseproject\debug\cdebuginput.obj
c:\users\ikenaga0605\desktop\git - コピー\02ikenaga\3dlv3_2023_vs2019\project\baseproject\baseproject\debug\cdebugcamera.obj
c:\users\ikenaga0605\desktop\git - コピー\02ikenaga\3dlv3_2023_vs2019\project\baseproject\baseproject\debug\ccolor.obj
c:\users\ikenaga0605\desktop\git - コピー\02ikenaga\3dlv3_2023_vs2019\project\baseproject\baseproject\debug\ccollisionmanager.obj
c:\users\ikenaga0605\desktop\git - コピー\02ikenaga\3dlv3_2023_vs2019\project\baseproject\baseproject\debug\ccollidertriangle.obj
c:\users\ikenaga0605\desktop\git - コピー\02ikenaga\3dlv3_2023_vs2019\project\baseproject\baseproject\debug\ccollidersphere.obj
c:\users\ikenaga0605\desktop\git - コピー\02ikenaga\3dlv3_2023_vs2019\project\baseproject\baseproject\debug\ccollidermesh.obj
c:\users\ikenaga0605\desktop\git - コピー\02ikenaga\3dlv3_2023_vs2019\project\baseproject\baseproject\debug\ccolliderline.obj
c:\users\ikenaga0605\desktop\git - コピー\02ikenaga\3dlv3_2023_vs2019\project\baseproject\baseproject\debug\ccamera.obj
c:\users\ikenaga0605\desktop\git - コピー\02ikenaga\3dlv3_2023_vs2019\project\baseproject\baseproject\debug\cbounds.obj
c:\users\ikenaga0605\desktop\git - コピー\02ikenaga\3dlv3_2023_vs2019\project\baseproject\baseproject\debug\cbillboardimage.obj
c:\users\ikenaga0605\desktop\git - コピー\02ikenaga\3dlv3_2023_vs2019\project\baseproject\baseproject\debug\cbillboard.obj
c:\users\ikenaga0605\desktop\git - コピー\02ikenaga\3dlv3_2023_vs2019\project\baseproject\baseproject\debug\cbgmmanager.obj
c:\users\ikenaga0605\desktop\git - コピー\02ikenaga\3dlv3_2023_vs2019\project\baseproject\baseproject\debug\bgmdata.obj
c:\users\ikenaga0605\desktop\git - コピー\02ikenaga\3dlv3_2023_vs2019\project\baseproject\baseproject\debug\csoundmanager.obj
c:\users\ikenaga0605\desktop\git - コピー\02ikenaga\3dlv3_2023_vs2019\project\baseproject\baseproject\debug\csound.obj
c:\users\ikenaga0605\desktop\git - コピー\02ikenaga\3dlv3_2023_vs2019\project\baseproject\baseproject\debug\cshader.obj
c:\users\ikenaga0605\desktop\git - コピー\02ikenaga\3dlv3_2023_vs2019\project\baseproject\baseproject\debug\cscenemanager.obj
c:\users\ikenaga0605\desktop\git - コピー\02ikenaga\3dlv3_2023_vs2019\project\baseproject\baseproject\debug\cscenebase.obj
c:\users\ikenaga0605\desktop\git - コピー\02ikenaga\3dlv3_2023_vs2019\project\baseproject\baseproject\debug\cresourcemanager.obj
c:\users\ikenaga0605\desktop\git - コピー\02ikenaga\3dlv3_2023_vs2019\project\baseproject\baseproject\debug\cresource.obj
c:\users\ikenaga0605\desktop\git - コピー\02ikenaga\3dlv3_2023_vs2019\project\baseproject\baseproject\debug\crect.obj
c:\users\ikenaga0605\desktop\git - コピー\02ikenaga\3dlv3_2023_vs2019\project\baseproject\baseproject\debug\cquaternion.obj
c:\users\ikenaga0605\desktop\git - コピー\02ikenaga\3dlv3_2023_vs2019\project\baseproject\baseproject\debug\cmyshader.obj
c:\users\ikenaga0605\desktop\git - コピー\02ikenaga\3dlv3_2023_vs2019\project\baseproject\baseproject\debug\cmodelx.obj
c:\users\ikenaga0605\desktop\git - コピー\02ikenaga\3dlv3_2023_vs2019\project\baseproject\baseproject\debug\cmodel.obj
c:\users\ikenaga0605\desktop\git - コピー\02ikenaga\3dlv3_2023_vs2019\project\baseproject\baseproject\debug\cmatrix.obj
c:\users\ikenaga0605\desktop\git - コピー\02ikenaga\3dlv3_2023_vs2019\project\baseproject\baseproject\debug\cmaterial.obj
c:\users\ikenaga0605\desktop\git - コピー\02ikenaga\3dlv3_2023_vs2019\project\baseproject\baseproject\debug\clineeffect.obj
c:\users\ikenaga0605\desktop\git - コピー\02ikenaga\3dlv3_2023_vs2019\project\baseproject\baseproject\debug\cinput.obj
c:\users\ikenaga0605\desktop\git - コピー\02ikenaga\3dlv3_2023_vs2019\project\baseproject\baseproject\debug\cgamepause.obj
c:\users\ikenaga0605\desktop\git - コピー\02ikenaga\3dlv3_2023_vs2019\project\baseproject\baseproject\debug\ccharabase.obj
c:\users\ikenaga0605\desktop\git - コピー\02ikenaga\3dlv3_2023_vs2019\project\baseproject\baseproject\debug\cfont.obj
c:\users\ikenaga0605\desktop\git - コピー\02ikenaga\3dlv3_2023_vs2019\project\baseproject\baseproject\debug\cfade.obj
c:\users\ikenaga0605\desktop\git - コピー\02ikenaga\3dlv3_2023_vs2019\project\baseproject\baseproject\debug\capplication.obj
c:\users\ikenaga0605\desktop\git - コピー\02ikenaga\3dlv3_2023_vs2019\project\baseproject\baseproject\debug\avoidancegauge.obj
c:\users\ikenaga0605\desktop\git - コピー\02ikenaga\3dlv3_2023_vs2019\project\baseproject\baseproject\debug\system.obj
c:\users\ikenaga0605\desktop\git - コピー\02ikenaga\3dlv3_2023_vs2019\project\baseproject\baseproject\debug\primitive.obj
c:\users\ikenaga0605\desktop\git - コピー\02ikenaga\3dlv3_2023_vs2019\project\baseproject\baseproject\debug\maths.obj
c:\users\ikenaga0605\desktop\git - コピー\02ikenaga\3dlv3_2023_vs2019\project\baseproject\baseproject\debug\easing.obj
c:\users\ikenaga0605\desktop\git - コピー\02ikenaga\3dlv3_2023_vs2019\project\baseproject\baseproject\debug\cobjectbase.obj
c:\users\ikenaga0605\desktop\git - コピー\02ikenaga\3dlv3_2023_vs2019\project\baseproject\baseproject\debug\cvector.obj
c:\users\ikenaga0605\desktop\git - コピー\02ikenaga\3dlv3_2023_vs2019\project\baseproject\baseproject\debug\cuibase.obj
c:\users\ikenaga0605\desktop\git - コピー\02ikenaga\3dlv3_2023_vs2019\project\baseproject\baseproject\debug\ctriangle.obj
c:\users\ikenaga0605\desktop\git - コピー\02ikenaga\3dlv3_2023_vs2019\project\baseproject\baseproject\debug\ctransform.obj
c:\users\ikenaga0605\desktop\git - コピー\02ikenaga\3dlv3_2023_vs2019\project\baseproject\baseproject\debug\ctraileffect.obj
c:\users\ikenaga0605\desktop\git - コピー\02ikenaga\3dlv3_2023_vs2019\project\baseproject\baseproject\debug\ctexturefont.obj
c:\users\ikenaga0605\desktop\git - コピー\02ikenaga\3dlv3_2023_vs2019\project\baseproject\baseproject\debug\ctexture.obj
c:\users\ikenaga0605\desktop\git - コピー\02ikenaga\3dlv3_2023_vs2019\project\baseproject\baseproject\debug\ctext.obj
c:\users\ikenaga0605\desktop\git - コピー\02ikenaga\3dlv3_2023_vs2019\project\baseproject\baseproject\debug\ctaskmanager.obj
c:\users\ikenaga0605\desktop\git - コピー\02ikenaga\3dlv3_2023_vs2019\project\baseproject\baseproject\debug\ctask.obj
c:\users\ikenaga0605\desktop\git - コピー\02ikenaga\3dlv3_2023_vs2019\project\baseproject\baseproject\debug\crich.obj
c:\users\ikenaga0605\desktop\git - コピー\02ikenaga\3dlv3_2023_vs2019\project\baseproject\baseproject\debug\cgameoverscene.obj
c:\users\ikenaga0605\desktop\git - コピー\02ikenaga\3dlv3_2023_vs2019\project\baseproject\baseproject\debug\cgamemenu.obj
c:\users\ikenaga0605\desktop\git - コピー\02ikenaga\3dlv3_2023_vs2019\project\baseproject\baseproject\debug\cgamecamera2.obj
c:\users\ikenaga0605\desktop\git - コピー\02ikenaga\3dlv3_2023_vs2019\project\baseproject\baseproject\debug\cgamecamera.obj
c:\users\ikenaga0605\desktop\git - コピー\02ikenaga\3dlv3_2023_vs2019\project\baseproject\baseproject\debug\cflamethrower.obj
c:\users\ikenaga0605\desktop\git - コピー\02ikenaga\3dlv3_2023_vs2019\project\baseproject\baseproject\debug\cflame.obj
c:\users\ikenaga0605\desktop\git - コピー\02ikenaga\3dlv3_2023_vs2019\project\baseproject\baseproject\debug\cexpmanager.obj
c:\users\ikenaga0605\desktop\git - コピー\02ikenaga\3dlv3_2023_vs2019\project\baseproject\baseproject\debug\cenemy.obj
c:\users\ikenaga0605\desktop\git - コピー\02ikenaga\3dlv3_2023_vs2019\project\baseproject\baseproject\debug\cdragon.obj
c:\users\ikenaga0605\desktop\git - コピー\02ikenaga\3dlv3_2023_vs2019\project\baseproject\baseproject\debug\ccane.obj
c:\users\ikenaga0605\desktop\git - コピー\02ikenaga\3dlv3_2023_vs2019\project\baseproject\baseproject\debug\cbullet.obj
c:\users\ikenaga0605\desktop\git - コピー\02ikenaga\3dlv3_2023_vs2019\project\baseproject\baseproject\debug\cboxer2.obj
c:\users\ikenaga0605\desktop\git - コピー\02ikenaga\3dlv3_2023_vs2019\project\baseproject\baseproject\debug\ctitlescene.obj
c:\users\ikenaga0605\desktop\git - コピー\02ikenaga\3dlv3_2023_vs2019\project\baseproject\baseproject\debug\cshield.obj
c:\users\ikenaga0605\desktop\git - コピー\02ikenaga\3dlv3_2023_vs2019\project\baseproject\baseproject\debug\csagauge.obj
c:\users\ikenaga0605\desktop\git - コピー\02ikenaga\3dlv3_2023_vs2019\project\baseproject\baseproject\debug\crotatefloor.obj
c:\users\ikenaga0605\desktop\git - コピー\02ikenaga\3dlv3_2023_vs2019\project\baseproject\baseproject\debug\crideabeobject.obj
c:\users\ikenaga0605\desktop\git - コピー\02ikenaga\3dlv3_2023_vs2019\project\baseproject\baseproject\debug\cportionred.obj
c:\users\ikenaga0605\desktop\git - コピー\02ikenaga\3dlv3_2023_vs2019\project\baseproject\baseproject\debug\cportiongreen.obj
c:\users\ikenaga0605\desktop\git - コピー\02ikenaga\3dlv3_2023_vs2019\project\baseproject\baseproject\debug\cportionblue.obj
c:\users\ikenaga0605\desktop\git - コピー\02ikenaga\3dlv3_2023_vs2019\project\baseproject\baseproject\debug\cmovefloor.obj
c:\users\ikenaga0605\desktop\git - コピー\02ikenaga\3dlv3_2023_vs2019\project\baseproject\baseproject\debug\cimage.obj
c:\users\ikenaga0605\desktop\git - コピー\02ikenaga\3dlv3_2023_vs2019\project\baseproject\baseproject\debug\chpgauge.obj
c:\users\ikenaga0605\desktop\git - コピー\02ikenaga\3dlv3_2023_vs2019\project\baseproject\baseproject\debug\charastatus.obj
c:\users\ikenaga0605\desktop\git - コピー\02ikenaga\3dlv3_2023_vs2019\project\baseproject\baseproject\debug\cgamescene.obj
c:\users\ikenaga0605\desktop\git - コピー\02ikenaga\3dlv3_2023_vs2019\project\baseproject\baseproject\debug\cfield.obj
c:\users\ikenaga0605\desktop\git - コピー\02ikenaga\3dlv3_2023_vs2019\project\baseproject\baseproject\debug\cmeasure.obj
c:\users\ikenaga0605\desktop\git - コピー\02ikenaga\3dlv3_2023_vs2019\project\baseproject\baseproject\debug\ccoltriangle.obj
c:\users\ikenaga0605\desktop\git - コピー\02ikenaga\3dlv3_2023_vs2019\project\baseproject\baseproject\debug\ccolsphere.obj
c:\users\ikenaga0605\desktop\git - コピー\02ikenaga\3dlv3_2023_vs2019\project\baseproject\baseproject\debug\ccolquad.obj
c:\users\ikenaga0605\desktop\git - コピー\02ikenaga\3dlv3_2023_vs2019\project\baseproject\baseproject\debug\ccollisiontestscene.obj
c:\users\ikenaga0605\desktop\git - コピー\02ikenaga\3dlv3_2023_vs2019\project\baseproject\baseproject\debug\ccolline.obj
c:\users\ikenaga0605\desktop\git - コピー\02ikenaga\3dlv3_2023_vs2019\project\baseproject\baseproject\debug\ccolbase.obj
c:\users\ikenaga0605\desktop\git - コピー\02ikenaga\3dlv3_2023_vs2019\project\baseproject\baseproject\debug\cbootmenuscene.obj
c:\users\ikenaga0605\desktop\git - コピー\02ikenaga\3dlv3_2023_vs2019\project\baseproject\baseproject\debug\main.obj
c:\users\ikenaga0605\desktop\git - コピー\02ikenaga\3dlv3_2023_vs2019\project\baseproject\baseproject\debug\cxcharacter.obj
c:\users\ikenaga0605\desktop\git - コピー\02ikenaga\3dlv3_2023_vs2019\project\baseproject\baseproject\debug\cweapon.obj
c:\users\ikenaga0605\desktop\git - コピー\02ikenaga\3dlv3_2023_vs2019\project\baseproject\baseproject\debug\baseproject.tlog\cl.command.1.tlog
c:\users\ikenaga0605\desktop\git - コピー\02ikenaga\3dlv3_2023_vs2019\project\baseproject\baseproject\debug\baseproject.tlog\cl.read.1.tlog
c:\users\ikenaga0605\desktop\git - コピー\02ikenaga\3dlv3_2023_vs2019\project\baseproject\baseproject\debug\baseproject.tlog\cl.write.1.tlog
