c:\users\ikenaga0605\desktop\git - コピー\02ikenaga\3dlv2_2023_vs2019_game\project\gameprogramming\debug\vc142.pdb
c:\users\ikenaga0605\desktop\git - コピー\02ikenaga\3dlv2_2023_vs2019_game\project\gameprogramming\debug\vc142.idb
c:\users\ikenaga0605\desktop\git - コピー\02ikenaga\3dlv2_2023_vs2019_game\project\gameprogramming\debug\cfield.obj
c:\users\ikenaga0605\desktop\git - コピー\02ikenaga\3dlv2_2023_vs2019_game\project\gameprogramming\debug\cexclamationmark.obj
c:\users\ikenaga0605\desktop\git - コピー\02ikenaga\3dlv2_2023_vs2019_game\project\gameprogramming\debug\cenemy3.obj
c:\users\ikenaga0605\desktop\git - コピー\02ikenaga\3dlv2_2023_vs2019_game\project\gameprogramming\debug\cenemy2.obj
c:\users\ikenaga0605\desktop\git - コピー\02ikenaga\3dlv2_2023_vs2019_game\project\gameprogramming\debug\cenemy.obj
c:\users\ikenaga0605\desktop\git - コピー\02ikenaga\3dlv2_2023_vs2019_game\project\gameprogramming\debug\ceffect.obj
c:\users\ikenaga0605\desktop\git - コピー\02ikenaga\3dlv2_2023_vs2019_game\project\gameprogramming\debug\ccollisionmanager.obj
c:\users\ikenaga0605\desktop\git - コピー\02ikenaga\3dlv2_2023_vs2019_game\project\gameprogramming\debug\ccollidertriangle.obj
c:\users\ikenaga0605\desktop\git - コピー\02ikenaga\3dlv2_2023_vs2019_game\project\gameprogramming\debug\ccollidermesh.obj
c:\users\ikenaga0605\desktop\git - コピー\02ikenaga\3dlv2_2023_vs2019_game\project\gameprogramming\debug\ccolliderline.obj
c:\users\ikenaga0605\desktop\git - コピー\02ikenaga\3dlv2_2023_vs2019_game\project\gameprogramming\debug\ccollider.obj
c:\users\ikenaga0605\desktop\git - コピー\02ikenaga\3dlv2_2023_vs2019_game\project\gameprogramming\debug\cclear.obj
c:\users\ikenaga0605\desktop\git - コピー\02ikenaga\3dlv2_2023_vs2019_game\project\gameprogramming\debug\ccharactermanager.obj
c:\users\ikenaga0605\desktop\git - コピー\02ikenaga\3dlv2_2023_vs2019_game\project\gameprogramming\debug\ccharacter3.obj
c:\users\ikenaga0605\desktop\git - コピー\02ikenaga\3dlv2_2023_vs2019_game\project\gameprogramming\debug\ccharacter.obj
c:\users\ikenaga0605\desktop\git - コピー\02ikenaga\3dlv2_2023_vs2019_game\project\gameprogramming\debug\ccamera.obj
c:\users\ikenaga0605\desktop\git - コピー\02ikenaga\3dlv2_2023_vs2019_game\project\gameprogramming\debug\cbullet.obj
c:\users\ikenaga0605\desktop\git - コピー\02ikenaga\3dlv2_2023_vs2019_game\project\gameprogramming\debug\cblock.obj
c:\users\ikenaga0605\desktop\git - コピー\02ikenaga\3dlv2_2023_vs2019_game\project\gameprogramming\debug\cbillboard.obj
c:\users\ikenaga0605\desktop\git - コピー\02ikenaga\3dlv2_2023_vs2019_game\project\gameprogramming\debug\capplication.obj
c:\users\ikenaga0605\desktop\git - コピー\02ikenaga\3dlv2_2023_vs2019_game\project\gameprogramming\debug\cstage2.obj
c:\users\ikenaga0605\desktop\git - コピー\02ikenaga\3dlv2_2023_vs2019_game\project\gameprogramming\debug\cstage1.obj
c:\users\ikenaga0605\desktop\git - コピー\02ikenaga\3dlv2_2023_vs2019_game\project\gameprogramming\debug\cstage.obj
c:\users\ikenaga0605\desktop\git - コピー\02ikenaga\3dlv2_2023_vs2019_game\project\gameprogramming\debug\csound.obj
c:\users\ikenaga0605\desktop\git - コピー\02ikenaga\3dlv2_2023_vs2019_game\project\gameprogramming\debug\cscenemanager.obj
c:\users\ikenaga0605\desktop\git - コピー\02ikenaga\3dlv2_2023_vs2019_game\project\gameprogramming\debug\cscenebase.obj
c:\users\ikenaga0605\desktop\git - コピー\02ikenaga\3dlv2_2023_vs2019_game\project\gameprogramming\debug\cresourcemanager.obj
c:\users\ikenaga0605\desktop\git - コピー\02ikenaga\3dlv2_2023_vs2019_game\project\gameprogramming\debug\crectangle.obj
c:\users\ikenaga0605\desktop\git - コピー\02ikenaga\3dlv2_2023_vs2019_game\project\gameprogramming\debug\cpolice.obj
c:\users\ikenaga0605\desktop\git - コピー\02ikenaga\3dlv2_2023_vs2019_game\project\gameprogramming\debug\cpoint.obj
c:\users\ikenaga0605\desktop\git - コピー\02ikenaga\3dlv2_2023_vs2019_game\project\gameprogramming\debug\cplayer.obj
c:\users\ikenaga0605\desktop\git - コピー\02ikenaga\3dlv2_2023_vs2019_game\project\gameprogramming\debug\cmodel.obj
c:\users\ikenaga0605\desktop\git - コピー\02ikenaga\3dlv2_2023_vs2019_game\project\gameprogramming\debug\cmatrix.obj
c:\users\ikenaga0605\desktop\git - コピー\02ikenaga\3dlv2_2023_vs2019_game\project\gameprogramming\debug\cmaterial.obj
c:\users\ikenaga0605\desktop\git - コピー\02ikenaga\3dlv2_2023_vs2019_game\project\gameprogramming\debug\ckokki.obj
c:\users\ikenaga0605\desktop\git - コピー\02ikenaga\3dlv2_2023_vs2019_game\project\gameprogramming\debug\cimage.obj
c:\users\ikenaga0605\desktop\git - コピー\02ikenaga\3dlv2_2023_vs2019_game\project\gameprogramming\debug\chata.obj
c:\users\ikenaga0605\desktop\git - コピー\02ikenaga\3dlv2_2023_vs2019_game\project\gameprogramming\debug\cgamescene.obj
c:\users\ikenaga0605\desktop\git - コピー\02ikenaga\3dlv2_2023_vs2019_game\project\gameprogramming\debug\cframe.obj
c:\users\ikenaga0605\desktop\git - コピー\02ikenaga\3dlv2_2023_vs2019_game\project\gameprogramming\debug\cfont.obj
c:\users\ikenaga0605\desktop\git - コピー\02ikenaga\3dlv2_2023_vs2019_game\project\gameprogramming\debug\main.obj
c:\users\ikenaga0605\desktop\git - コピー\02ikenaga\3dlv2_2023_vs2019_game\project\gameprogramming\debug\cwater.obj
c:\users\ikenaga0605\desktop\git - コピー\02ikenaga\3dlv2_2023_vs2019_game\project\gameprogramming\debug\cvector.obj
c:\users\ikenaga0605\desktop\git - コピー\02ikenaga\3dlv2_2023_vs2019_game\project\gameprogramming\debug\cui.obj
c:\users\ikenaga0605\desktop\git - コピー\02ikenaga\3dlv2_2023_vs2019_game\project\gameprogramming\debug\ctriangle.obj
c:\users\ikenaga0605\desktop\git - コピー\02ikenaga\3dlv2_2023_vs2019_game\project\gameprogramming\debug\ctransparent.obj
c:\users\ikenaga0605\desktop\git - コピー\02ikenaga\3dlv2_2023_vs2019_game\project\gameprogramming\debug\ctransform.obj
c:\users\ikenaga0605\desktop\git - コピー\02ikenaga\3dlv2_2023_vs2019_game\project\gameprogramming\debug\ctitlescene.obj
c:\users\ikenaga0605\desktop\git - コピー\02ikenaga\3dlv2_2023_vs2019_game\project\gameprogramming\debug\cinput.obj
c:\users\ikenaga0605\desktop\git - コピー\02ikenaga\3dlv2_2023_vs2019_game\project\gameprogramming\debug\ctexture.obj
c:\users\ikenaga0605\desktop\git - コピー\02ikenaga\3dlv2_2023_vs2019_game\project\gameprogramming\debug\ctaskmanager.obj
c:\users\ikenaga0605\desktop\git - コピー\02ikenaga\3dlv2_2023_vs2019_game\project\gameprogramming\debug\ctask.obj
c:\users\ikenaga0605\desktop\git - コピー\02ikenaga\3dlv2_2023_vs2019_game\project\gameprogramming\debug\cstagemanager.obj
c:\users\ikenaga0605\desktop\git - コピー\02ikenaga\3dlv2_2023_vs2019_game\project\gameprogramming\debug\cstagebase.obj
c:\users\ikenaga0605\desktop\git - コピー\02ikenaga\3dlv2_2023_vs2019_game\project\gameprogramming\debug\cstage4.obj
c:\users\ikenaga0605\desktop\git - コピー\02ikenaga\3dlv2_2023_vs2019_game\project\gameprogramming\debug\cstage3.obj
c:\users\ikenaga0605\desktop\git - コピー\02ikenaga\3dlv2_2023_vs2019_game\project\gameprogramming\debug\cshark.obj
c:\users\ikenaga0605\desktop\git - コピー\02ikenaga\3dlv2_2023_vs2019_game\project\debug\gameprogramming.exe
c:\users\ikenaga0605\desktop\git - コピー\02ikenaga\3dlv2_2023_vs2019_game\project\gameprogramming\debug\gameprogramming.ilk
c:\users\ikenaga0605\desktop\git - コピー\02ikenaga\3dlv2_2023_vs2019_game\project\debug\gameprogramming.pdb
c:\users\ikenaga0605\desktop\git - コピー\02ikenaga\3dlv2_2023_vs2019_game\project\gameprogramming\debug\gameprogramming.tlog\cl.command.1.tlog
c:\users\ikenaga0605\desktop\git - コピー\02ikenaga\3dlv2_2023_vs2019_game\project\gameprogramming\debug\gameprogramming.tlog\cl.read.1.tlog
c:\users\ikenaga0605\desktop\git - コピー\02ikenaga\3dlv2_2023_vs2019_game\project\gameprogramming\debug\gameprogramming.tlog\cl.write.1.tlog
c:\users\ikenaga0605\desktop\git - コピー\02ikenaga\3dlv2_2023_vs2019_game\project\gameprogramming\debug\gameprogramming.tlog\link.command.1.tlog
c:\users\ikenaga0605\desktop\git - コピー\02ikenaga\3dlv2_2023_vs2019_game\project\gameprogramming\debug\gameprogramming.tlog\link.read.1.tlog
c:\users\ikenaga0605\desktop\git - コピー\02ikenaga\3dlv2_2023_vs2019_game\project\gameprogramming\debug\gameprogramming.tlog\link.write.1.tlog
