  CApplication.cpp
  CBillBoard.cpp
  CBlock.cpp
  CBullet.cpp
  CCamera.cpp
  CCharacter.cpp
  CCharacter3.cpp
  CCharacterManager.cpp
  CCollider.cpp
  CColliderLine.cpp
  CColliderMesh.cpp
  CColliderTriangle.cpp
  CCollisionManager.cpp
  CEffect.cpp
C:\Users\ikenaga0605\Desktop\Git - コピー\02Ikenaga\3DLv2_2023_vs2019_Game\Project\GameProgramming\src\CEffect.cpp(40,18): warning C4552: '%': 式の結果が使用されていません
  CEnemy.cpp
  CEnemy2.cpp
  CEnemy3.cpp
  CFont.cpp
  CGame.cpp
  CMaterial.cpp
  コードを生成中...
  コンパイル中...
  CMatrix.cpp
C:\Users\ikenaga0605\Desktop\Git - コピー\02Ikenaga\3DLv2_2023_vs2019_Game\Project\GameProgramming\src\CMatrix.cpp(123,12): warning C4244: '初期化中': 'double' から 'float' への変換です。データが失われる可能性があります。
C:\Users\ikenaga0605\Desktop\Git - コピー\02Ikenaga\3DLv2_2023_vs2019_Game\Project\GameProgramming\src\CMatrix.cpp(139,12): warning C4244: '初期化中': 'double' から 'float' への変換です。データが失われる可能性があります。
C:\Users\ikenaga0605\Desktop\Git - コピー\02Ikenaga\3DLv2_2023_vs2019_Game\Project\GameProgramming\src\CMatrix.cpp(154,12): warning C4244: '初期化中': 'double' から 'float' への変換です。データが失われる可能性があります。
  CModel.cpp
C:\Users\ikenaga0605\Desktop\Git - コピー\02Ikenaga\3DLv2_2023_vs2019_Game\Project\GameProgramming\src\CModel.cpp(194,20): warning C4018: '<': signed と unsigned の数値を比較しようとしました。
C:\Users\ikenaga0605\Desktop\Git - コピー\02Ikenaga\3DLv2_2023_vs2019_Game\Project\GameProgramming\src\CModel.cpp(272,20): warning C4018: '<': signed と unsigned の数値を比較しようとしました。
C:\Users\ikenaga0605\Desktop\Git - コピー\02Ikenaga\3DLv2_2023_vs2019_Game\Project\GameProgramming\src\CModel.cpp(283,20): warning C4018: '<': signed と unsigned の数値を比較しようとしました。
C:\Users\ikenaga0605\Desktop\Git - コピー\02Ikenaga\3DLv2_2023_vs2019_Game\Project\GameProgramming\src\CModel.cpp(285,21): warning C4018: '<': signed と unsigned の数値を比較しようとしました。
  CPlayer.cpp
  CPlayer2.cpp
  CPoint.cpp
  CRectangle.cpp
  CSound.cpp
  CTaskManager.cpp
  CTexture.cpp
  CInput.cpp
  CTransform.cpp
  CTriangle.cpp
  CUi.cpp
  CVector.cpp
  main.cpp
  コードを生成中...
  LINK : 前回のインクリメンタル リンクで C:\Users\ikenaga0605\Desktop\Git - コピー\02Ikenaga\3DLv2_2023_vs2019_Game\Project\Debug\GameProgramming.exe が見つからなかったか、ビルドされませんでした。フル リンクを行います。
LINK : warning LNK4098: defaultlib 'MSVCRT' は他のライブラリの使用と競合しています。/NODEFAULTLIB:library を使用してください。
LINK : warning LNK4098: defaultlib 'LIBCMT' は他のライブラリの使用と競合しています。/NODEFAULTLIB:library を使用してください。
  GameProgramming.vcxproj -> C:\Users\ikenaga0605\Desktop\Git - コピー\02Ikenaga\3DLv2_2023_vs2019_Game\Project\Debug\GameProgramming.exe
